2024-02-29 18:17:08,307 Generated layer profile with 3 layers:
2024-02-29 18:17:08,307 ["('cx', (Qubit(QuantumRegister(5, 'q'), 1), Qubit(QuantumRegister(5, 'q'), 2)))"]
2024-02-29 18:17:08,307 ["('cx', (Qubit(QuantumRegister(5, 'q'), 1), Qubit(QuantumRegister(5, 'q'), 3)))"]
2024-02-29 18:17:08,307 ["('cx', (Qubit(QuantumRegister(5, 'q'), 0), Qubit(QuantumRegister(5, 'q'), 1)))", "('cx', (Qubit(QuantumRegister(5, 'q'), 3), Qubit(QuantumRegister(5, 'q'), 4)))"]
2024-02-29 18:17:08,310 Created pauli bases
2024-02-29 18:17:08,310 ['XXXXX', 'YXXYX', 'ZXXZX', 'XYYXY', 'YYYYY', 'ZYYZY', 'XZZXZ', 'YZZYZ', 'ZZZZZ']
2024-02-29 18:17:08,310 Created model with the following terms:
2024-02-29 18:17:08,310 {'ZXIII', 'IIIXY', 'YZIII', 'ZZIII', 'IZIYI', 'IIYII', 'IIIZY', 'IIIYI', 'IZIXI', 'IYIXI', 'IXIYI', 'ZIIII', 'IXIII', 'IIYXI', 'ZYIII', 'IXIZI', 'YIIII', 'IIXZI', 'IIIIY', 'IIZZI', 'IIXYI', 'IIIIX', 'XZIII', 'IIZXI', 'IIIIZ', 'YYIII', 'IIYZI', 'IIIYZ', 'IIIYX', 'IYIYI', 'YXIII', 'IIIZX', 'IIIYY', 'IIYYI', 'IZIZI', 'XIIII', 'IYIZI', 'IIIXZ', 'XYIII', 'IXIXI', 'IIIXI', 'IIXXI', 'IIIZI', 'IIZII', 'IZIII', 'IYIII', 'IIIXX', 'IIXII', 'IIZYI', 'XXIII', 'IIIZZ'}
2024-02-29 18:17:08,373 Chose single bases:
2024-02-29 18:17:08,373 ['IIZYI', 'IIYYI', 'IIZZI', 'IIXYI', 'IIYII', 'IIXXI']
2024-02-29 18:17:08,855 Created experiment consisting of 42 instances
2024-02-29 18:17:08,880 Chose single bases:
2024-02-29 18:17:08,880 ['IYIZI', 'IZIZI', 'IXIYI', 'IXIXI', 'IZIYI', 'IZIXI']
2024-02-29 18:17:09,358 Created experiment consisting of 42 instances
2024-02-29 18:17:09,393 Chose single bases:
2024-02-29 18:17:09,394 ['XXIZZ', 'YYIZY', 'YXIYZ', 'ZZIXY', 'YIIXX', 'IYIZX']
2024-02-29 18:17:09,881 Created experiment consisting of 42 instances
2024-02-29 18:17:12,164 Single-depth measurement produced fidelity greater than one: IIYYI,IIZXI
2024-02-29 18:17:12,164 Product fidelity: 0.9441846647848369
2024-02-29 18:17:12,164 Single fidelity: 0.7910684417485924
2024-02-29 18:17:12,164 Single-depth measurement produced fidelity greater than one: IIZZI,IIZII
2024-02-29 18:17:12,164 Product fidelity: 0.9216684988099426
2024-02-29 18:17:12,164 Single fidelity: 0.4920000000000557
2024-02-29 18:17:12,164 Single-depth measurement produced fidelity greater than one: IIXYI,IIIYI
2024-02-29 18:17:12,164 Product fidelity: 0.9291560995421027
2024-02-29 18:17:12,165 Single fidelity: 0.7142210754268411
2024-02-29 18:17:12,165 Single-depth measurement produced fidelity greater than one: IIYII,IIYZI
2024-02-29 18:17:12,165 Product fidelity: 0.9100986762526512
2024-02-29 18:17:12,165 Single fidelity: 0.6098970540393611
2024-02-29 18:17:12,165 Fit noise model with following fidelities:
2024-02-29 18:17:12,165 [0.9822301822934014, 0.9512672796775384, 0.9999999999675406, 0.9999999999999907, 0.9485951391610437, 0.8282796005168279, 0.9647540994501942, 1.0485796049922451, 0.9405552362971307, 0.936949938136321, 0.9289484721729458, 0.995686470190413, 0.9924498451730134, 0.8016119266252553, 0.9998907781428059, 0.9582797506930192, 0.9999731328256493, 0.9747288834664377, 0.9997940903939793, 0.8494728216985732, 0.8633310573162938, 0.9995395955546895, 0.9992441007362555, 0.8854024762334523, 0.9986328527944331, 0.9964025784333731, 0.8842332307845817, 0.9606668506892588, 0.9447028488148802, 0.952550484589603, 0.9955474616378464, 0.9616789342692607, 0.9500625623455105, 0.8914846812148548, 0.964090281226251, 0.9995813459586003, 0.9772235306651325, 0.9324856987283731, 0.9984082162439889, 0.9427249079910951, 0.9465365608201622, 0.9435927133989651, 0.9607307229978224, 0.9685884099258597, 0.9999999999713115, 0.9999999999999594, 0.9487097363882211, 0.9570462270179485, 1.044450748429939, 0.9893343159728648, 0.9517627955220029]
2024-02-29 18:17:12,258 Single-depth measurement produced fidelity greater than one: IXIXI,IIIXI
2024-02-29 18:17:12,258 Product fidelity: 0.9209674489425133
2024-02-29 18:17:12,258 Single fidelity: 0.8396002056093098
2024-02-29 18:17:12,259 Fit noise model with following fidelities:
2024-02-29 18:17:12,259 [0.8972826815102147, 0.9143530995546487, 0.9301122231063728, 0.930892778484248, 0.9434317648251725, 0.9752390270219381, 0.9498591601581353, 0.8751919691123298, 0.9274017168309446, 0.9095296404008988, 0.9777351126005204, 0.995272932072765, 0.8983200838228127, 0.8603951134395437, 0.8902537216670409, 0.8917298002784787, 0.9999999999935588, 0.9003458976466258, 0.9999908098324229, 0.9653410424345205, 0.9431439944604717, 0.9999999999993014, 0.9038918751594978, 0.9723304861137682, 0.9959285518080103, 0.9131928706355766, 0.9621956325648447, 0.9027017881460436, 0.9315723754129044, 0.9192955516267586, 0.8908160193660293, 0.9283775659987783, 0.9357292456455332, 0.9120228246890063, 0.9786162983515468, 0.9966107596591378, 0.8477418716546822, 0.9260090222564118, 0.9249841511731008, 0.8481810420116808, 1.0142732687723717, 0.9512006259374236, 0.9380322938557984, 0.999999999999805, 0.8655009569488916, 0.9573772819364316, 0.9217605301575637, 0.9999999995851849, 0.9097242018714952, 0.8953746135152705, 0.936167856298272]
2024-02-29 18:17:12,343 Single-depth measurement produced fidelity greater than one: IIIYZ,IIIYI
2024-02-29 18:17:12,343 Product fidelity: 0.972627493240559
2024-02-29 18:17:12,343 Single fidelity: 0.9415388293170581
2024-02-29 18:17:12,343 Single-depth measurement produced fidelity greater than one: ZZIII,ZIIII
2024-02-29 18:17:12,343 Product fidelity: 0.9569684149359337
2024-02-29 18:17:12,343 Single fidelity: 0.8728273387833053
2024-02-29 18:17:12,343 Fit noise model with following fidelities:
2024-02-29 18:17:12,343 [0.9091987724331172, 1.0936728940943856, 0.9287772877210383, 0.9157885471849933, 0.9499425119169784, 0.9803080300526335, 1.026344835590729, 1.016806795230609, 0.9560568779915157, 0.940673924675112, 0.9263384647854944, 1.0279562365389447, 0.9487717666169218, 0.9576626177025264, 0.9592991041999059, 0.9175571469619205, 1.0222669460735432, 0.9794144501707638, 0.8727305085429161, 1.0, 0.9576991834377764, 0.970199456878189, 0.9628124974664625, 0.9754280433958277, 0.984415876213668, 0.9533957086360201, 0.9730975804715389, 0.9460042406074136, 0.9232882421321842, 0.9394698105509341, 0.9544287605954659, 1.0216493585422455, 0.9209258495562683, 0.9693115448933965, 0.9371564573448483, 0.9668921749457801, 0.9378155697984115, 0.9720844396256465, 0.818633878558987, 0.9300362893657675, 0.9840906657973026, 1.0, 0.8993759149295938, 0.9994789165698955, 0.9680179131221658, 1.1035501108903012, 0.982993033534805, 0.9930852371349809, 0.95788170490082, 0.9298642980207423, 1.0803396010119828]
